<?xml version="1.0" encoding="UTF-8"?>
<testng-results ignored="0" total="2" passed="2" failed="0" skipped="0">
  <reporter-output>
  </reporter-output>
  <suite started-at="2025-04-15T20:09:26 IST" name="Surefire suite" finished-at="2025-04-15T20:09:31 IST" duration-ms="5164">
    <groups>
    </groups>
    <test started-at="2025-04-15T20:09:26 IST" name="Surefire test" finished-at="2025-04-15T20:09:31 IST" duration-ms="5164">
      <class name="com.selenium.tests.LoginTest">
        <test-method is-config="true" signature="setup()[pri:0, instance:com.selenium.tests.LoginTest@4c15e7fd]" started-at="2025-04-15T20:09:26 IST" name="setup" finished-at="2025-04-15T20:09:30 IST" duration-ms="4606" status="PASS">
          <reporter-output>
          </reporter-output>
        </test-method> <!-- setup -->
        <test-method signature="testLogin()[pri:0, instance:com.selenium.tests.LoginTest@4c15e7fd]" started-at="2025-04-15T20:09:30 IST" name="testLogin" finished-at="2025-04-15T20:09:31 IST" duration-ms="243" status="PASS">
          <reporter-output>
          </reporter-output>
        </test-method> <!-- testLogin -->
        <test-method is-config="true" signature="tearDown()[pri:0, instance:com.selenium.tests.LoginTest@4c15e7fd]" started-at="2025-04-15T20:09:31 IST" name="tearDown" finished-at="2025-04-15T20:09:31 IST" duration-ms="275" status="PASS">
          <reporter-output>
          </reporter-output>
        </test-method> <!-- tearDown -->
      </class> <!-- com.selenium.tests.LoginTest -->
      <class name="com.selenium.AppTest">
        <test-method signature="testExample()[pri:0, instance:com.selenium.AppTest@657c8ad9]" started-at="2025-04-15T20:09:30 IST" name="testExample" finished-at="2025-04-15T20:09:30 IST" duration-ms="3" status="PASS">
          <reporter-output>
          </reporter-output>
        </test-method> <!-- testExample -->
      </class> <!-- com.selenium.AppTest -->
    </test> <!-- Surefire test -->
  </suite> <!-- Surefire suite -->
</testng-results>
